2025-01-09 07:43:14 Command: "python" "C:\UwAmp\www\cyberfolio/assets/scripts/hash_detector.py" "0800fc577294c34e0b28ad2839435945" 2>&1
Return value: 0
Output: Array
(
    [0] => {'length': 32, 'possible_types': ['MD5', 'RIPEMD-128', 'Haval-128']}
)

2025-01-09 07:49:08 Command: "python" "C:\UwAmp\www\cyberfolio/assets/scripts/hash_detector.py" "0800fc577294c34e0b28ad2839435945" 2>&1
Return value: 0
Output: Array
(
    [0] => {'length': 32, 'possible_types': ['MD5', 'RIPEMD-128', 'Haval-128']}
)

2025-01-09 07:49:08 Command: "python" "C:\UwAmp\www\cyberfolio/assets/scripts/hash_detector.py" "0800fc577294c34e0b28ad2839435945" 2>&1
Return value: 0
Output: Array
(
    [0] => {'length': 32, 'possible_types': ['MD5', 'RIPEMD-128', 'Haval-128']}
)

2025-01-09 07:49:08 Command: "python" "C:\UwAmp\www\cyberfolio/assets/scripts/hash_detector.py" "0800fc577294c34e0b28ad2839435945" 2>&1
Return value: 0
Output: Array
(
    [0] => {'length': 32, 'possible_types': ['MD5', 'RIPEMD-128', 'Haval-128']}
)

2025-01-09 07:49:09 Command: "python" "C:\UwAmp\www\cyberfolio/assets/scripts/hash_detector.py" "0800fc577294c34e0b28ad2839435945" 2>&1
Return value: 0
Output: Array
(
    [0] => {'length': 32, 'possible_types': ['MD5', 'RIPEMD-128', 'Haval-128']}
)

2025-01-09 07:49:09 Command: "python" "C:\UwAmp\www\cyberfolio/assets/scripts/hash_detector.py" "0800fc577294c34e0b28ad2839435945" 2>&1
Return value: 0
Output: Array
(
    [0] => {'length': 32, 'possible_types': ['MD5', 'RIPEMD-128', 'Haval-128']}
)

2025-01-09 07:49:21 Command: "python" "C:\UwAmp\www\cyberfolio/assets/scripts/hash_detector.py" "0800fc577294c34e0b28ad2839435945" 2>&1
Return value: 0
Output: Array
(
    [0] => {'length': 32, 'possible_types': ['MD5', 'RIPEMD-128', 'Haval-128']}
)

2025-01-09 07:49:22 Command: "python" "C:\UwAmp\www\cyberfolio/assets/scripts/hash_detector.py" "0800fc577294c34e0b28ad2839435945" 2>&1
Return value: 0
Output: Array
(
    [0] => {'length': 32, 'possible_types': ['MD5', 'RIPEMD-128', 'Haval-128']}
)

2025-01-09 07:49:22 Command: "python" "C:\UwAmp\www\cyberfolio/assets/scripts/hash_detector.py" "0800fc577294c34e0b28ad2839435945" 2>&1
Return value: 0
Output: Array
(
    [0] => {'length': 32, 'possible_types': ['MD5', 'RIPEMD-128', 'Haval-128']}
)

2025-01-09 07:49:22 Command: "python" "C:\UwAmp\www\cyberfolio/assets/scripts/hash_detector.py" "0800fc577294c34e0b28ad2839435945" 2>&1
Return value: 0
Output: Array
(
    [0] => {'length': 32, 'possible_types': ['MD5', 'RIPEMD-128', 'Haval-128']}
)

2025-01-09 07:49:22 Command: "python" "C:\UwAmp\www\cyberfolio/assets/scripts/hash_detector.py" "0800fc577294c34e0b28ad2839435945" 2>&1
Return value: 0
Output: Array
(
    [0] => {'length': 32, 'possible_types': ['MD5', 'RIPEMD-128', 'Haval-128']}
)

2025-01-09 07:49:22 Command: "python" "C:\UwAmp\www\cyberfolio/assets/scripts/hash_detector.py" "0800fc577294c34e0b28ad2839435945" 2>&1
Return value: 0
Output: Array
(
    [0] => {'length': 32, 'possible_types': ['MD5', 'RIPEMD-128', 'Haval-128']}
)

2025-01-09 07:49:23 Command: "python" "C:\UwAmp\www\cyberfolio/assets/scripts/hash_detector.py" "0800fc577294c34e0b28ad2839435945" 2>&1
Return value: 0
Output: Array
(
    [0] => {'length': 32, 'possible_types': ['MD5', 'RIPEMD-128', 'Haval-128']}
)

2025-01-09 07:49:23 Command: "python" "C:\UwAmp\www\cyberfolio/assets/scripts/hash_detector.py" "0800fc577294c34e0b28ad2839435945" 2>&1
Return value: 0
Output: Array
(
    [0] => {'length': 32, 'possible_types': ['MD5', 'RIPEMD-128', 'Haval-128']}
)

2025-01-09 07:49:23 Command: "python" "C:\UwAmp\www\cyberfolio/assets/scripts/hash_detector.py" "0800fc577294c34e0b28ad2839435945" 2>&1
Return value: 0
Output: Array
(
    [0] => {'length': 32, 'possible_types': ['MD5', 'RIPEMD-128', 'Haval-128']}
)

2025-01-09 07:49:23 Command: "python" "C:\UwAmp\www\cyberfolio/assets/scripts/hash_detector.py" "0800fc577294c34e0b28ad2839435945" 2>&1
Return value: 0
Output: Array
(
    [0] => {'length': 32, 'possible_types': ['MD5', 'RIPEMD-128', 'Haval-128']}
)

2025-01-09 07:49:23 Command: "python" "C:\UwAmp\www\cyberfolio/assets/scripts/hash_detector.py" "0800fc577294c34e0b28ad2839435945" 2>&1
Return value: 0
Output: Array
(
    [0] => {'length': 32, 'possible_types': ['MD5', 'RIPEMD-128', 'Haval-128']}
)

2025-01-09 07:49:23 Command: "python" "C:\UwAmp\www\cyberfolio/assets/scripts/hash_detector.py" "0800fc577294c34e0b28ad2839435945" 2>&1
Return value: 0
Output: Array
(
    [0] => {'length': 32, 'possible_types': ['MD5', 'RIPEMD-128', 'Haval-128']}
)

2025-01-09 07:51:44 Command: "python" "C:\UwAmp\www\cyberfolio/assets/scripts/hash_detector.py" "0800fc577294c34e0b28ad2839435945" 2>&1
Return value: 0
Output: Array
(
)

